<?xml version="1.0" encoding="utf-8"?><testsuites name="pytest tests"><testsuite name="pytest" errors="0" failures="0" skipped="0" tests="17" time="14.230" timestamp="2026-08-11T23:01:13.403243+08:00" hostname="Abao-ThinkPadX1"><testcase classname="tests.test_runtime" name="test_home_page_makes_no_external_network_requests" time="1.748" /><testcase classname="tests.test_runtime" name="test_home_page_renders_in_standards_mode" time="0.783" /><testcase classname="tests.test_runtime" name="test_home_page_has_no_horizontal_overflow[375]" time="0.692" /><testcase classname="tests.test_runtime" name="test_home_page_has_no_horizontal_overflow[768]" time="0.649" /><testcase classname="tests.test_runtime" name="test_home_page_has_no_horizontal_overflow[1440]" time="0.635" /><testcase classname="tests.test_runtime" name="test_language_choice_updates_metadata_and_survives_reload" time="1.430" /><testcase classname="tests.test_runtime" name="test_hero_content_respects_viewport_fold_budget[1366-768]" time="0.833" /><testcase classname="tests.test_runtime" name="test_hero_content_respects_viewport_fold_budget[1440-900]" time="2.870" /><testcase classname="tests.test_runtime" name="test_hero_content_respects_viewport_fold_budget[390-844]" time="0.879" /><testcase classname="tests.test_runtime" name="test_hero_content_respects_viewport_fold_budget[375-812]" time="0.976" /><testcase classname="tests.test_runtime" name="test_mobile_eyebrow_does_not_overlap_language_toggle" time="0.774" /><testcase classname="tests.test_runtime" name="test_reduced_motion_keeps_fade_content_visible" time="0.702" /><testcase classname="tests.test_runtime" name="test_404_page_is_noindexed_and_links_home" time="0.635" /><testcase classname="tests.test_static" name="test_bilingual_text_and_alt_attributes_are_paired" time="0.001" /><testcase classname="tests.test_static" name="test_personal_phone_number_is_not_published" time="0.001" /><testcase classname="tests.test_static" name="test_index_has_one_primary_heading_and_standards_doctype" time="0.004" /><testcase classname="tests.test_static" name="test_external_urls_are_allowlisted" time="0.588" /></testsuite></testsuites>